[2024-12-14 19:20:46] [INFO] [User ID: 692636521] Пользователь отправил команду: /help
[2024-12-14 19:20:46] [INFO] [User ID: 692636521] Пользователь запросил список команд.
[2024-12-14 19:20:46] [INFO] [User ID: 692636521] Пользователь выполнил команду: /help
[2024-12-14 19:20:49] [INFO] [User ID: 692636521] Пользователь отправил команду: /viewprofile
[2024-12-14 19:20:49] [INFO] [User ID: 692636521] Пользователь просмотрел свой профиль.
[2024-12-14 19:20:49] [INFO] [User ID: 692636521] Пользователь выполнил команду: /viewprofile
[2024-12-14 19:20:52] [INFO] [User ID: 692636521] Пользователь отправил команду: /recipes
[2024-12-14 19:20:52] [INFO] [User ID: 692636521] StateHandler.setUserState вызван с состоянием: ENTER_INGREDIENTS
[2024-12-14 19:20:52] [INFO] [User ID: 692636521] Пользователь начал подбор рецептов.
[2024-12-14 19:20:52] [ERROR] [User ID: 692636521] Ошибка при отправке сообщения: Text parameter can't be empty
[2024-12-14 19:20:52] [INFO] [User ID: 692636521] Пользователь выполнил команду: /recipes
[2024-12-14 19:21:30] [INFO] [User ID: 692636521] Пользователь отправил команду: /recipes
[2024-12-14 19:21:30] [INFO] [User ID: 692636521] StateHandler.setUserState вызван с состоянием: ENTER_INGREDIENTS
[2024-12-14 19:21:30] [INFO] [User ID: 692636521] Пользователь начал подбор рецептов.
[2024-12-14 19:21:30] [ERROR] [User ID: 692636521] Ошибка при отправке сообщения: Text parameter can't be empty
[2024-12-14 19:21:30] [INFO] [User ID: 692636521] Пользователь выполнил команду: /recipes
[2024-12-14 19:42:13] [INFO] [User ID: 692636521] Пользователь отправил команду: /help
[2024-12-14 19:42:13] [INFO] [User ID: 692636521] Пользователь запросил список команд.
[2024-12-14 19:42:14] [INFO] [User ID: 692636521] Пользователь выполнил команду: /help
[2024-12-14 19:42:17] [INFO] [User ID: 692636521] Пользователь отправил команду: /unknown
[2024-12-14 19:42:17] [INFO] [User ID: 692636521] Пользователь выполнил команду: /unknown
[2024-12-14 19:42:29] [INFO] [User ID: 692636521] Пользователь отправил команду: /unknown
[2024-12-14 19:42:29] [INFO] [User ID: 692636521] Пользователь выполнил команду: /unknown
[2024-12-14 19:43:45] [INFO] [User ID: 692636521] Пользователь отправил команду: /recipes
[2024-12-14 19:43:46] [INFO] [User ID: 692636521] StateHandler.setUserState вызван с состоянием: ENTER_INGREDIENTS
[2024-12-14 19:43:46] [INFO] [User ID: 692636521] Пользователь начал подбор рецептов.
[2024-12-14 19:43:46] [ERROR] [User ID: 692636521] Ошибка при отправке сообщения: Text parameter can't be empty
[2024-12-14 19:43:46] [INFO] [User ID: 692636521] Пользователь выполнил команду: /recipes
[2024-12-14 19:43:53] [INFO] [User ID: 692636521] Пользователь отправил команду: /unknown
[2024-12-14 19:44:07] [INFO] [User ID: 692636521] Пользователь запросил рецепт: 638073
[2024-12-14 19:46:14] [INFO] [User ID: 692636521] Пользователь отправил команду: /unknown
[2024-12-14 19:46:15] [INFO] [User ID: 692636521] Пользователь выполнил команду: /unknown
[2024-12-14 19:51:10] [INFO] [User ID: 692636521] Пользователь отправил команду: /unknown
[2024-12-14 19:51:11] [INFO] [User ID: 692636521] Пользователь выполнил команду: /unknown
[2024-12-14 19:51:12] [INFO] [User ID: 692636521] Пользователь отправил команду: /unknown
[2024-12-14 19:51:12] [INFO] [User ID: 692636521] Пользователь выполнил команду: /unknown
[2024-12-14 19:54:15] [INFO] [User ID: 692636521] Пользователь отправил команду: /unknown
[2024-12-14 19:54:16] [INFO] [User ID: 692636521] Пользователь выполнил команду: /unknown
[2024-12-14 19:54:17] [INFO] [User ID: 692636521] Пользователь отправил команду: /unknown
[2024-12-14 19:54:17] [INFO] [User ID: 692636521] Пользователь выполнил команду: /unknown
[2024-12-14 19:58:27] [INFO] [User ID: 692636521] Пользователь отправил команду: /addreminder
[2024-12-14 19:58:27] [INFO] [User ID: 692636521] StateHandler.setUserState вызван с состоянием: ADD_REMINDER
[2024-12-14 19:58:27] [INFO] [User ID: 692636521] Пользователь выполнил команду: /addreminder
[2024-12-14 19:59:58] [INFO] [User ID: 692636521] Пользователь отправил команду: /help
[2024-12-14 19:59:58] [INFO] [User ID: 692636521] Пользователь запросил список команд.
[2024-12-14 19:59:58] [INFO] [User ID: 692636521] Пользователь выполнил команду: /help
[2024-12-14 20:00:02] [INFO] [User ID: 692636521] Пользователь отправил команду: /viewreminders
[2024-12-14 20:00:23] [INFO] [User ID: 692636521] Пользователь отправил команду: /addreminder
[2024-12-14 20:00:23] [INFO] [User ID: 692636521] StateHandler.setUserState вызван с состоянием: ADD_REMINDER
[2024-12-14 20:00:23] [INFO] [User ID: 692636521] Пользователь выполнил команду: /addreminder
[2024-12-14 20:02:17] [INFO] [User ID: 692636521] Пользователь отправил команду: /addreminder
[2024-12-14 20:02:17] [INFO] [User ID: 692636521] StateHandler.setUserState вызван с состоянием: ADD_REMINDER
[2024-12-14 20:02:17] [INFO] [User ID: 692636521] Пользователь выполнил команду: /addreminder
[2024-12-14 20:02:26] [INFO] [User ID: 692636521] Пользователь отправил команду: /viewreminders
[2024-12-14 20:02:27] [INFO] [User ID: 692636521] Пользователь выполнил команду: /viewreminders
[2024-12-14 20:06:51] [INFO] [User ID: 692636521] Пользователь отправил команду: /viewreminders
[2024-12-14 20:06:51] [INFO] [User ID: 692636521] Пользователь выполнил команду: /viewreminders
[2024-12-14 20:06:55] [INFO] [User ID: 692636521] Пользователь отправил команду: /addreminder
[2024-12-14 20:06:55] [INFO] [User ID: 692636521] StateHandler.setUserState вызван с состоянием: ADD_REMINDER
[2024-12-14 20:06:55] [INFO] [User ID: 692636521] Пользователь выполнил команду: /addreminder
[2024-12-14 20:10:07] [INFO] [User ID: 692636521] Пользователь отправил команду: /viewreminders
[2024-12-14 20:10:08] [INFO] [User ID: 692636521] Пользователь выполнил команду: /viewreminders
[2024-12-14 20:10:23] [INFO] [User ID: 692636521] Пользователь отправил команду: /addreminder
[2024-12-14 20:10:23] [INFO] [User ID: 692636521] StateHandler.setUserState вызван с состоянием: ADD_REMINDER
[2024-12-14 20:10:23] [INFO] [User ID: 692636521] Пользователь выполнил команду: /addreminder
[2024-12-14 20:10:30] [ERROR] [User ID: 692636521] Ошибка при добавлении напоминания: Data truncation: Incorrect datetime value: '2024-12-15 128:00:00' for column 'date_time' at row 1
[2024-12-14 20:10:35] [INFO] [User ID: 692636521] Пользователь отправил команду: /viewreminders
[2024-12-14 20:10:35] [INFO] [User ID: 692636521] Пользователь выполнил команду: /viewreminders
[2024-12-14 20:15:08] [INFO] [User ID: 692636521] Пользователь отправил команду: /viewreminders
[2024-12-14 20:15:08] [INFO] [User ID: 692636521] Пользователь выполнил команду: /viewreminders
[2024-12-14 20:15:10] [INFO] [User ID: 692636521] Пользователь отправил команду: /addreminder
[2024-12-14 20:15:10] [INFO] [User ID: 692636521] StateHandler.setUserState вызван с состоянием: ADD_REMINDER
[2024-12-14 20:15:10] [INFO] [User ID: 692636521] Пользователь выполнил команду: /addreminder
[2024-12-14 20:15:27] [INFO] [User ID: 692636521] Пользователь отправил команду: /viewreminders
[2024-12-14 20:15:27] [INFO] [User ID: 692636521] Пользователь выполнил команду: /viewreminders
[2024-12-14 20:15:30] [INFO] [User ID: 692636521] Пользователь отправил команду: /help
[2024-12-14 20:15:30] [INFO] [User ID: 692636521] Пользователь запросил список команд.
[2024-12-14 20:15:30] [INFO] [User ID: 692636521] Пользователь выполнил команду: /help
[2024-12-14 20:15:31] [INFO] [User ID: 692636521] Пользователь отправил команду: /deletereminder
[2024-12-14 20:15:31] [INFO] [User ID: 692636521] StateHandler.setUserState вызван с состоянием: DELETE_REMINDER
[2024-12-14 20:15:32] [INFO] [User ID: 692636521] Пользователь выполнил команду: /deletereminder
[2024-12-15 15:17:03] [INFO] [User ID: 692636521] Пользователь отправил команду: /addreminder
[2024-12-15 15:17:03] [INFO] [User ID: 692636521] StateHandler.setUserState вызван с состоянием: ADD_REMINDER
[2024-12-15 15:17:03] [INFO] [User ID: 692636521] Пользователь выполнил команду: /addreminder
[2024-12-15 15:17:30] [INFO] [User ID: 692636521] Пользователь отправил команду: /viewreminders
[2024-12-15 15:17:30] [INFO] [User ID: 692636521] Пользователь выполнил команду: /viewreminders
[2024-12-15 15:17:42] [INFO] [User ID: 692636521] Пользователь отправил команду: /addreminder
[2024-12-15 15:17:42] [INFO] [User ID: 692636521] StateHandler.setUserState вызван с состоянием: ADD_REMINDER
[2024-12-15 15:17:42] [INFO] [User ID: 692636521] Пользователь выполнил команду: /addreminder
[2024-12-15 15:18:06] [ERROR] [User ID: 692636521] Ошибка при добавлении напоминания: Unparseable date: "лежа на наклонной скамье 28-11-2025 17:38"
[2024-12-15 15:25:33] [INFO] [User ID: 692636521] Пользователь отправил команду: /addreminder
[2024-12-15 15:25:33] [INFO] [User ID: 692636521] StateHandler.setUserState вызван с состоянием: ADD_REMINDER
[2024-12-15 15:25:33] [INFO] [User ID: 692636521] Пользователь выполнил команду: /addreminder
[2024-12-15 15:25:37] [ERROR] [User ID: 692636521] Ошибка при добавлении напоминания: Unparseable date: "17:38"
[2024-12-15 15:25:41] [INFO] [User ID: 692636521] Пользователь отправил команду: /viewreminders
[2024-12-15 15:25:41] [INFO] [User ID: 692636521] Пользователь выполнил команду: /viewreminders
[2024-12-15 15:29:45] [INFO] [User ID: 692636521] Пользователь отправил команду: /addreminder
[2024-12-15 15:29:45] [INFO] [User ID: 692636521] StateHandler.setUserState вызван с состоянием: ADD_REMINDER
[2024-12-15 15:29:45] [INFO] [User ID: 692636521] Пользователь выполнил команду: /addreminder
[2024-12-15 15:29:52] [INFO] [User ID: 692636521] Пользователь отправил команду: /viewreminders
[2024-12-15 15:29:52] [INFO] [User ID: 692636521] Пользователь выполнил команду: /viewreminders
[2024-12-15 15:49:23] [INFO] [User ID: 692636521] Пользователь отправил команду: /viewreminders
[2024-12-15 15:49:23] [INFO] [User ID: 692636521] Пользователь выполнил команду: /viewreminders
[2024-12-15 15:50:46] [INFO] [User ID: 692636521] Пользователь отправил команду: /viewreminders
[2024-12-15 15:50:46] [INFO] [User ID: 692636521] Пользователь выполнил команду: /viewreminders
[2024-12-15 15:51:37] [INFO] [User ID: 692636521] Пользователь отправил команду: /viewreminders
[2024-12-15 15:51:37] [INFO] [User ID: 692636521] Пользователь выполнил команду: /viewreminders
[2024-12-15 15:53:44] [INFO] [User ID: 692636521] Пользователь отправил команду: /help
[2024-12-15 15:53:44] [INFO] [User ID: 692636521] Пользователь запросил список команд.
[2024-12-15 15:53:44] [INFO] [User ID: 692636521] Пользователь выполнил команду: /help
[2024-12-15 16:55:51] [INFO] [User ID: 692636521] Пользователь отправил команду: /viewreminders
[2024-12-15 16:55:52] [INFO] [User ID: 692636521] Пользователь выполнил команду: /viewreminders
[2024-12-15 16:55:56] [INFO] [User ID: 692636521] Пользователь отправил команду: /addreminder
[2024-12-15 16:55:56] [INFO] [User ID: 692636521] StateHandler.setUserState вызван с состоянием: ADD_REMINDER
[2024-12-15 16:55:56] [INFO] [User ID: 692636521] Пользователь выполнил команду: /addreminder
[2024-12-15 16:56:31] [INFO] [User ID: 692636521] Пользователь отправил команду: /unknown
[2024-12-15 16:56:31] [INFO] [User ID: 692636521] Пользователь выполнил команду: /unknown
[2024-12-15 16:56:43] [INFO] [User ID: 692636521] Пользователь отправил команду: /viewreminders
[2024-12-15 16:56:43] [INFO] [User ID: 692636521] Пользователь выполнил команду: /viewreminders
[2024-12-15 16:56:47] [INFO] [User ID: 692636521] Пользователь отправил команду: /addreminder
[2024-12-15 16:56:47] [INFO] [User ID: 692636521] StateHandler.setUserState вызван с состоянием: ADD_REMINDER
[2024-12-15 16:56:47] [INFO] [User ID: 692636521] Пользователь выполнил команду: /addreminder
[2024-12-15 16:56:56] [INFO] [User ID: 692636521] Пользователь отправил команду: /viewreminders
[2024-12-15 16:56:57] [INFO] [User ID: 692636521] Пользователь выполнил команду: /viewreminders
[2024-12-15 16:57:35] [INFO] [User ID: 692636521] Пользователь отправил команду: /deletereminder
[2024-12-15 16:57:35] [INFO] [User ID: 692636521] StateHandler.setUserState вызван с состоянием: DELETE_REMINDER
[2024-12-15 16:57:35] [INFO] [User ID: 692636521] Пользователь выполнил команду: /deletereminder
[2024-12-15 16:57:42] [INFO] [User ID: 692636521] Пользователь отправил команду: /viewreminders
[2024-12-15 16:57:42] [INFO] [User ID: 692636521] Пользователь выполнил команду: /viewreminders
[2024-12-16 12:36:17] [INFO] [User ID: 692636521] Пользователь отправил команду: /help
[2024-12-16 12:36:17] [INFO] [User ID: 692636521] Пользователь запросил список команд.
[2024-12-16 12:36:17] [INFO] [User ID: 692636521] Пользователь выполнил команду: /help
[2024-12-16 12:36:22] [INFO] [User ID: 692636521] Пользователь отправил команду: /viewprofile
[2024-12-16 12:36:22] [INFO] [User ID: 692636521] Пользователь просмотрел свой профиль.
[2024-12-16 12:36:22] [INFO] [User ID: 692636521] Пользователь выполнил команду: /viewprofile
[2024-12-16 12:36:33] [INFO] [User ID: 692636521] Пользователь отправил команду: /editprofile
[2024-12-16 12:36:33] [INFO] [User ID: 692636521] StateHandler.setUserState вызван с состоянием: EDIT_PROFILE_LOGIN
[2024-12-16 12:36:33] [INFO] [User ID: 692636521] Пользователь выполнил команду: /editprofile
[2024-12-16 12:36:39] [INFO] [User ID: 692636521] StateHandler.setUserState вызван с состоянием: EDIT_PROFILE_HEIGHT
[2024-12-16 12:36:44] [INFO] [User ID: 692636521] Пользователь отправил команду: /unknown
[2024-12-16 12:36:46] [INFO] [User ID: 692636521] Пользователь отправил команду: /viewprofile
[2024-12-16 12:36:47] [INFO] [User ID: 692636521] Пользователь просмотрел свой профиль.
[2024-12-16 12:36:47] [INFO] [User ID: 692636521] Пользователь выполнил команду: /viewprofile
[2024-12-16 12:36:55] [INFO] [User ID: 692636521] Пользователь отправил команду: /editprofile
[2024-12-16 12:36:55] [INFO] [User ID: 692636521] StateHandler.setUserState вызван с состоянием: EDIT_PROFILE_LOGIN
[2024-12-16 12:36:55] [INFO] [User ID: 692636521] Пользователь выполнил команду: /editprofile
[2024-12-16 12:36:57] [INFO] [User ID: 692636521] Пользователь отправил команду: /viewprofile
[2024-12-16 12:37:02] [INFO] [User ID: 692636521] Пользователь отправил команду: /viewprofile
[2024-12-16 12:37:02] [INFO] [User ID: 692636521] Пользователь просмотрел свой профиль.
[2024-12-16 12:37:02] [INFO] [User ID: 692636521] Пользователь выполнил команду: /viewprofile
[2024-12-16 12:37:15] [INFO] [User ID: 692636521] Пользователь отправил команду: /editprofile
[2024-12-16 12:37:15] [INFO] [User ID: 692636521] StateHandler.setUserState вызван с состоянием: EDIT_PROFILE_LOGIN
[2024-12-16 12:37:15] [INFO] [User ID: 692636521] Пользователь выполнил команду: /editprofile
[2024-12-16 12:37:18] [INFO] [User ID: 692636521] StateHandler.setUserState вызван с состоянием: EDIT_PROFILE_LOGIN
[2024-12-16 12:37:24] [INFO] [User ID: 692636521] Пользователь отправил команду: /unknown
[2024-12-16 13:04:24] [INFO] [User ID: 692636521] Пользователь отправил команду: /help
[2024-12-16 13:04:25] [INFO] [User ID: 692636521] Пользователь запросил список команд.
[2024-12-16 13:04:25] [INFO] [User ID: 692636521] Пользователь выполнил команду: /help
[2024-12-16 13:04:27] [INFO] [User ID: 692636521] Пользователь отправил команду: /addreminder
[2024-12-16 13:04:27] [INFO] [User ID: 692636521] StateHandler.setUserState вызван с состоянием: ADD_REMINDER
[2024-12-16 13:04:27] [INFO] [User ID: 692636521] Пользователь выполнил команду: /addreminder
[2024-12-16 13:04:59] [INFO] [User ID: 692636521] Пользователь отправил команду: /viewreminders
[2024-12-16 13:04:59] [INFO] [User ID: 692636521] Пользователь выполнил команду: /viewreminders
[2024-12-16 13:05:10] [INFO] [User ID: 692636521] Пользователь отправил команду: /viewreminders
[2024-12-16 13:05:10] [INFO] [User ID: 692636521] Пользователь выполнил команду: /viewreminders
[2024-12-16 13:05:12] [INFO] [User ID: 692636521] Пользователь отправил команду: /addreminder
[2024-12-16 13:05:12] [INFO] [User ID: 692636521] StateHandler.setUserState вызван с состоянием: ADD_REMINDER
[2024-12-16 13:05:12] [INFO] [User ID: 692636521] Пользователь выполнил команду: /addreminder
[2024-12-16 13:05:38] [INFO] [User ID: 692636521] Пользователь отправил команду: /viewreminders
[2024-12-16 13:05:38] [INFO] [User ID: 692636521] Пользователь выполнил команду: /viewreminders
[2024-12-16 13:06:18] [INFO] [User ID: 692636521] Пользователь отправил команду: /help
[2024-12-16 13:06:18] [INFO] [User ID: 692636521] Пользователь запросил список команд.
[2024-12-16 13:06:18] [INFO] [User ID: 692636521] Пользователь выполнил команду: /help
[2024-12-16 13:06:20] [INFO] [User ID: 692636521] Пользователь отправил команду: /deletereminder
[2024-12-16 13:06:20] [INFO] [User ID: 692636521] StateHandler.setUserState вызван с состоянием: DELETE_REMINDER
[2024-12-16 13:06:20] [INFO] [User ID: 692636521] Пользователь выполнил команду: /deletereminder
